2024/02/06 16:28:01 oK
2024/02/06 16:35:39 Pinged your deployment. You successfully connected to MongoDB!
2024/02/06 16:35:39 {0 1 ObjectID("65ba5f1061b0bef37eebc3f3")}
2024/02/06 16:35:42 Pinged your deployment. You successfully connected to MongoDB!
2024/02/06 16:35:42 {0 1 ObjectID("65ba5f1061b0bef37eebc3f3")}
2024/02/06 16:38:01 Server listening on port: 8080
2024/02/06 16:39:51 Shutting down server...
2024/02/06 16:39:51 Server stopped
2024/02/06 16:39:53 Server listening on port: 8080
2024/02/06 16:39:57 Rate limit exceeded
2024/02/06 16:39:57 Rate limit exceeded
2024/02/06 16:39:57 Rate limit exceeded
2024/02/06 16:39:57 Rate limit exceeded
2024/02/06 16:39:59 Rate limit exceeded
2024/02/06 16:39:59 Rate limit exceeded
2024/02/06 16:40:01 Shutting down server...
2024/02/06 16:40:03 Server stopped
2024/02/06 16:42:01 Server listening on port: 8080
2024/02/06 16:42:18 &{0xc00007a500} Received POST request with message: %s
 {1 1}
2024/02/06 16:42:24 Pinged your deployment. You successfully connected to MongoDB!
2024/02/06 16:42:24 {0 1 ObjectID("65ba5f1061b0bef37eebc3f3")}
2024/03/02 18:53:34 Server listening on port: 8080
2024/03/02 18:53:48 Rate limit exceeded
2024/03/02 18:53:48 Rate limit exceeded
2024/03/02 18:54:04 Rate limit exceeded
2024/03/02 18:54:04 Rate limit exceeded
2024/03/02 18:54:13 &{0xc000072500} Received POST request with message: %s
 {esim 123}
2024/03/02 18:54:16 Pinged your deployment. You successfully connected to MongoDB!
2024/03/02 18:54:16 {0  ObjectID("000000000000000000000000")}
2024/03/02 18:56:10 &{0xc000072500} Received POST request with message: %s
 {Esimgali 123456789}
2024/03/02 18:56:13 Pinged your deployment. You successfully connected to MongoDB!
2024/03/02 18:56:13 {0  ObjectID("000000000000000000000000")}
2024/03/02 18:58:10 &{0xc000072500} Received POST request with message: %s
 {Esimgali 121456789}
2024/03/02 18:58:13 Pinged your deployment. You successfully connected to MongoDB!
2024/03/02 18:58:13 {0 Esimgali ObjectID("659b0dccd48aaf4139ab2c9c")}
2024/03/02 19:00:40 &{0xc000072500} Received POST request with message: %s
 {Esimgali 123456789}
2024/03/02 19:00:43 Pinged your deployment. You successfully connected to MongoDB!
2024/03/02 19:00:43 {0  ObjectID("000000000000000000000000")}
2024/03/02 19:01:16 &{0xc000072500} Received POST request with message: %s
 {Esimgali 123456789}
2024/03/02 19:01:17 Pinged your deployment. You successfully connected to MongoDB!
2024/03/02 19:01:17 {0 Esimgali ObjectID("659b0dccd48aaf4139ab2c9c")}
2024/03/02 19:02:35 Server listening on port: 8080
2024/03/02 22:07:14 Shutting down server...
2024/03/02 22:07:14 Server stopped
2024/03/02 22:07:16 Server listening on port: 8080
2024/03/02 22:07:47 Received POST request with message: {esimkhamitov2005@gmail.com 123456789}
2024/03/02 22:11:16 Server listening on port: 8080
2024/03/02 22:11:27 Received POST request with message: {esimkhamitov2005@gmail.com 123456789}
2024/03/02 22:46:21 Received POST request with message: {esimkhamitov2005@gmail.com 123456789}
2024/03/02 22:50:26 Server listening on port: 8080
2024/03/02 22:50:34 Received POST request with message: {esimkhamitov2005@gmail.com 123456789}
2024/03/02 22:54:28 Received POST request with message: {esimgalikhamitov2005@gmail.com 123456789}
2024/03/02 23:24:50 Server listening on port: 8080
2024/03/02 23:25:04 Received POST request with message: {esimgalikhamitov2005@gmail.com 123456789}
2024/03/02 23:25:40 Received POST request with message: {esimgalikhamitov2005@gmail.com 123456789}
2024/03/02 23:27:36 &{0xc000072500} Received POST request with message: %s
 {esim 12345678}
2024/03/02 23:27:39 Pinged your deployment. You successfully connected to MongoDB!
2024/03/02 23:27:39 {0  ObjectID("000000000000000000000000")}
2024/03/02 23:27:39 &{0xc000072500} Received POST request with message: %s
 {esim 12345678}
2024/03/02 23:27:39 Rate limit exceeded
2024/03/02 23:27:40 Pinged your deployment. You successfully connected to MongoDB!
2024/03/02 23:27:40 {0  ObjectID("000000000000000000000000")}
2024/03/02 23:27:42 Received POST request with message: {esimgalikhamitov2005@gmail.com 123456789}
2024/03/02 23:28:02 &{0xc000072500} Received POST request with message: %s
 {esim qwerty}
2024/03/02 23:28:03 Pinged your deployment. You successfully connected to MongoDB!
2024/03/02 23:28:03 {0  ObjectID("000000000000000000000000")}
2024/03/02 23:28:05 Received POST request with message: {esimgalikhamitov2005@gmail.com 123456789}
2024/03/02 23:28:19 &{0xc000072500} Received POST request with message: %s
 {Esim qwerty}
2024/03/02 23:28:20 Pinged your deployment. You successfully connected to MongoDB!
2024/03/02 23:28:20 {0 Esim ObjectID("65a3cee25a67245a440ba4cb")}
2024/03/02 23:31:14 Received POST request with message: {esimgalikhamitov2005@gmail.com 123456789}
2024/03/02 23:31:17 Received POST request with message: {esimgalikhamitov2005@gmail.com 123456789}
2024/03/02 23:31:34 Received POST request with message: {esimkhamitov2005@gmail.com 123456789}
2024/03/02 23:39:32 Received POST request with message: {musabecova05@gmail.com 123456789}
2024/03/02 23:40:26 Server listening on port: 8080
2024/03/02 23:40:33 Received POST request with message: {musabecova05@gmail.com 123456789}
2024/03/02 23:40:33 Rate limit exceeded
2024/03/02 23:40:34 Received POST request with message: {musabecova05@gmail.com 123456789}
2024/03/02 23:40:34 <nil>
2024/03/02 23:40:34 Rate limit exceeded
2024/03/02 23:40:35 Received POST request with message: {musabecova05@gmail.com 123456789}
2024/03/02 23:40:35 <nil>
2024/03/02 23:40:36 <nil>
2024/03/02 23:40:50 Received POST request with message: {musabecova05@gmail.com 123456789}
2024/03/02 23:40:52 <nil>
2024/03/02 23:41:30 Received POST request with message: {musabecova05@gmail.com 123456789}
2024/03/02 23:41:32 <nil>
2024/03/02 23:41:37 Server listening on port: 8080
2024/03/02 23:41:44 Rate limit exceeded
2024/03/02 23:41:44 Received POST request with message: {musabecova05@gmail.com 123456789}
2024/03/02 23:41:46 <nil>
2024/03/02 23:41:46 Error encoding JSON response
2024/03/02 23:41:46 Received POST request with message: {musabecova05@gmail.com 123456789}
2024/03/02 23:41:47 <nil>
2024/03/02 23:41:47 Error encoding JSON response
2024/03/02 23:41:47 Received POST request with message: {musabecova05@gmail.com 123456789}
2024/03/02 23:41:48 <nil>
2024/03/02 23:41:48 Error encoding JSON response
2024/03/02 23:43:19 Server listening on port: 8080
2024/03/02 23:43:25 Rate limit exceeded
2024/03/02 23:43:25 Received POST request with message: {musabecova05@gmail.com 123456789}
2024/03/02 23:43:27 Error encoding JSON response
2024/03/02 23:43:27 Received POST request with message: {musabecova05@gmail.com 123456789}
2024/03/02 23:43:28 Error encoding JSON response
2024/03/02 23:43:28 Received POST request with message: {musabecova05@gmail.com 123456789}
2024/03/02 23:43:30 Error encoding JSON response
2024/03/02 23:44:20 Server listening on port: 8080
2024/03/02 23:44:26 Received POST request with message: {musabecova05@gmail.com 123456789}
2024/03/02 23:44:28 <nil>
2024/03/02 23:44:28 Error encoding JSON response
2024/03/02 23:44:28 Received POST request with message: {musabecova05@gmail.com 123456789}
2024/03/02 23:44:29 <nil>
2024/03/02 23:44:29 Error encoding JSON response
2024/03/02 23:44:29 Received POST request with message: {musabecova05@gmail.com 123456789}
2024/03/02 23:44:30 <nil>
2024/03/02 23:44:30 Error encoding JSON response
2024/03/02 23:46:52 Received POST request with message: {musabecova05@gmail.com 123456789}
2024/03/02 23:46:53 <nil>
2024/03/02 23:46:53 Error encoding JSON response
2024/03/02 23:46:53 Received POST request with message: {musabecova05@gmail.com 123456789}
2024/03/02 23:46:55 <nil>
2024/03/02 23:46:55 Error encoding JSON response
2024/03/02 23:46:55 Received POST request with message: {musabecova05@gmail.com 123456789}
2024/03/02 23:46:56 <nil>
2024/03/02 23:46:56 Error encoding JSON response
2024/03/02 23:47:24 Received POST request with message: {musabecova05@gmail.com 123456789}
2024/03/02 23:47:25 <nil>
2024/03/02 23:47:25 Error encoding JSON response
2024/03/02 23:47:25 Received POST request with message: {musabecova05@gmail.com 123456789}
2024/03/02 23:47:27 <nil>
2024/03/02 23:47:27 Error encoding JSON response
2024/03/02 23:47:27 Received POST request with message: {musabecova05@gmail.com 123456789}
2024/03/02 23:47:28 <nil>
2024/03/02 23:47:28 Error encoding JSON response
2024/03/02 23:49:54 Received POST request with message: {musabecova05@gmail.com 123456789}
2024/03/02 23:49:56 <nil>
2024/03/02 23:49:56 Error encoding JSON response
2024/03/02 23:49:56 Received POST request with message: {musabecova05@gmail.com 123456789}
2024/03/02 23:49:57 <nil>
2024/03/02 23:49:57 Error encoding JSON response
2024/03/02 23:49:57 Received POST request with message: {musabecova05@gmail.com 123456789}
2024/03/02 23:49:59 <nil>
2024/03/02 23:49:59 Error encoding JSON response
2024/03/02 23:51:11 Received POST request with message: {musabecova05@gmail.com 123456789}
2024/03/02 23:51:13 <nil>
2024/03/02 23:51:13 Error encoding JSON response
2024/03/02 23:51:13 Received POST request with message: {musabecova05@gmail.com 123456789}
2024/03/02 23:51:14 <nil>
2024/03/02 23:51:14 Error encoding JSON response
2024/03/02 23:51:14 Received POST request with message: {musabecova05@gmail.com 123456789}
2024/03/02 23:51:16 <nil>
2024/03/02 23:51:16 Error encoding JSON response
2024/03/02 23:52:40 Server listening on port: 8080
2024/03/02 23:52:47 Rate limit exceeded
2024/03/02 23:52:47 Received POST request with message: {musabecova05@gmail.com 123456789}
2024/03/02 23:52:49 <nil>
2024/03/02 23:54:07 Server listening on port: 8080
2024/03/02 23:54:14 Received POST request with message: {musabecova05@gmail.com 123456789}
2024/03/02 23:54:15 <nil>
2024/03/03 02:50:54 &{0xc000072500} Received POST request with message: %s
 {Esimgali 123456789}
2024/03/03 02:50:57 Pinged your deployment. You successfully connected to MongoDB!
2024/03/03 02:50:57 {0 Esimgali ObjectID("659b0dccd48aaf4139ab2c9c")}
2024/03/03 02:55:47 Server listening on port: 8080
2024/03/03 10:39:47 Shutting down server...
2024/03/03 10:39:47 Server stopped
2024/03/03 10:40:35 Server listening on port: 8080
2024/03/03 10:50:58 Server listening on port: 8080
2024/03/03 10:52:21 Server listening on port: 8080
2024/03/03 10:54:04 Server listening on port: 8080
2024/03/03 10:54:20 Rate limit exceeded
2024/03/03 10:56:16 Server listening on port: 8080
2024/03/03 10:58:06 Server listening on port: 8080
2024/03/03 11:10:21 Server listening on port: 8080
2024/03/03 11:11:25 Server listening on port: 8080
2024/03/03 11:42:22 Server listening on port: 8080
2024/03/03 11:42:50 &{0xc000072500} Received POST request with message: %s
 {Esimgali 123456789}
2024/03/03 11:42:53 Pinged your deployment. You successfully connected to MongoDB!
2024/03/03 11:42:53 {0 [] Esimgali ObjectID("659b0dccd48aaf4139ab2c9c")}
2024/03/03 11:49:18 Server listening on port: 8080
2024/03/03 11:49:25 Rate limit exceeded
2024/03/03 11:49:29 Received POST request with message: {musabecova05@gmail.com 123456789}
2024/03/03 11:49:29 Rate limit exceeded
2024/03/03 11:49:31 <nil>
2024/03/03 11:49:39 &{0xc0000a0500} Received POST request with message: %s
 {Esimgali 123456789}
2024/03/03 11:49:41 Pinged your deployment. You successfully connected to MongoDB!
2024/03/03 11:49:41 {0 [] Esimgali ObjectID("659b0dccd48aaf4139ab2c9c")}
2024/03/03 11:51:48 Server listening on port: 8080
2024/03/03 11:51:59 Rate limit exceeded
2024/03/03 11:52:10 Rate limit exceeded
2024/03/03 11:52:10 Received POST request with message: {musabecova05@gmail.com 123456789}
2024/03/03 11:52:11 <nil>
2024/03/03 11:52:19 &{0xc000072500} Received POST request with message: %s
 {Esimgali 123456789}
2024/03/03 11:52:21 Pinged your deployment. You successfully connected to MongoDB!
2024/03/03 11:52:22 {0 [{https://i.pinimg.com/originals/5c/a0/80/5ca080dab8ad5c4f66bdb6271dc0c74b.jpg  100$ aming Mouse ObjectID("000000000000000000000000")}] Esimgali ObjectID("659b0dccd48aaf4139ab2c9c")}
2024/03/03 11:58:14 Received POST request with message: {musabecova05@gmail.com 123456789}
2024/03/03 11:58:16 <nil>
2024/03/03 12:02:17 Received POST request with message: {musabecova05@gmail.com 123456789}
2024/03/03 12:02:19 <nil>
2024/03/03 12:02:27 &{0xc000072500} Received POST request with message: %s
 {Esimgali 123456789}
2024/03/03 12:02:30 Pinged your deployment. You successfully connected to MongoDB!
2024/03/03 12:02:30 {0 [{https://i.pinimg.com/originals/5c/a0/80/5ca080dab8ad5c4f66bdb6271dc0c74b.jpg  100$ aming Mouse ObjectID("000000000000000000000000")}] Esimgali ObjectID("659b0dccd48aaf4139ab2c9c")}
2024/03/03 12:02:37 Server listening on port: 8080
2024/03/03 12:02:47 Rate limit exceeded
2024/03/03 12:02:49 Rate limit exceeded
2024/03/03 12:02:50 Rate limit exceeded
2024/03/03 12:02:51 Rate limit exceeded
2024/03/03 12:02:52 Rate limit exceeded
2024/03/03 12:02:52 Rate limit exceeded
2024/03/03 12:03:32 Received POST request with message: {musabecova05@gmail.com 123456789}
2024/03/03 12:03:33 <nil>
2024/03/03 12:13:29 &{0xc0000a0500} Received POST request with message: %s
 {Esimgali 123456789}
2024/03/03 12:13:31 Pinged your deployment. You successfully connected to MongoDB!
2024/03/03 12:13:31 {0 [{https://i.pinimg.com/originals/5c/a0/80/5ca080dab8ad5c4f66bdb6271dc0c74b.jpg  100$ aming Mouse ObjectID("000000000000000000000000")}] Esimgali ObjectID("659b0dccd48aaf4139ab2c9c")}
2024/03/03 12:25:44 Server listening on port: 8080
2024/03/03 12:27:22 Received POST request with message: {musabecova05@gmail.com 123456789}
2024/03/03 12:27:23 <nil>
2024/03/03 12:27:28 &{0xc000072500} Received POST request with message: %s
 {Esimgali 123456789}
2024/03/03 12:27:31 Pinged your deployment. You successfully connected to MongoDB!
2024/03/03 12:27:31 {0 [{https://i.pinimg.com/originals/5c/a0/80/5ca080dab8ad5c4f66bdb6271dc0c74b.jpg  100$ aming Mouse ObjectID("000000000000000000000000")}] Esimgali ObjectID("659b0dccd48aaf4139ab2c9c") esim@mail.ru ldmokfsdmvk astana}
2024/03/03 12:57:54 Server listening on port: 8080
2024/03/03 12:58:00 Received POST request with message: {musabecova05@gmail.com 123456789}
2024/03/03 12:58:02 <nil>
2024/03/03 12:58:07 &{0xc0000a0500} Received POST request with message: %s
 {Esimgali 123456789}
2024/03/03 12:58:10 Pinged your deployment. You successfully connected to MongoDB!
2024/03/03 12:58:10 {0 [{https://i.pinimg.com/originals/5c/a0/80/5ca080dab8ad5c4f66bdb6271dc0c74b.jpg  100$ Gaming Mouse ObjectID("000000000000000000000000")}] Esimgali ObjectID("659b0dccd48aaf4139ab2c9c") esim@mail.ru ldmokfsdmvk astana}
2024/03/03 12:58:14 Received POST request with message: {musabecova05@gmail.com 123456789}
2024/03/03 12:58:17 <nil>
2024/03/03 12:58:24 Received POST request with message: {musabecova05@gmail.com 123456789}
2024/03/03 12:58:25 <nil>
2024/03/03 13:03:23 Server listening on port: 8080
2024/03/03 13:03:33 Received POST request with message: {musabecova05@gmail.com 123456789}
2024/03/03 13:03:34 <nil>
2024/03/03 13:03:43 Received POST request with message: {musabecova05@gmail.com 123456789}
2024/03/03 13:03:45 <nil>
2024/03/03 13:04:31 Received POST request with message: {esimkhamitov2005@gmail.com 123456789}
2024/03/03 13:04:32 <nil>
2024/03/03 13:16:28 &{0xc000072500} Received POST request with message: %s
 {Esimgali 123456789}
2024/03/03 13:16:30 Pinged your deployment. You successfully connected to MongoDB!
2024/03/03 13:16:31 {0 [{https://i.pinimg.com/originals/5c/a0/80/5ca080dab8ad5c4f66bdb6271dc0c74b.jpg  100$ Gaming Mouse ObjectID("000000000000000000000000")}] Esimgali ObjectID("659b0dccd48aaf4139ab2c9c") esim@mail.ru ldmokfsdmvk astana}
2024/03/03 13:17:54 &{0xc000072500} Received POST request with message: %s
 {Esimgali 123456789}
2024/03/03 13:17:57 Pinged your deployment. You successfully connected to MongoDB!
2024/03/03 13:17:57 {0 [{https://i.pinimg.com/originals/5c/a0/80/5ca080dab8ad5c4f66bdb6271dc0c74b.jpg  100$ Gaming Mouse ObjectID("000000000000000000000000")}] Esimgali ObjectID("659b0dccd48aaf4139ab2c9c") esim@mail.ru ldmokfsdmvk astana}
2024/03/03 13:17:57 Received POST request with message: {esimkhamitov2005@gmail.com 658838}
2024/03/03 13:17:59 <nil>
2024/03/03 13:19:25 &{0xc000072500} Received POST request with message: %s
 {Esimgali 123456789}
2024/03/03 13:19:27 Pinged your deployment. You successfully connected to MongoDB!
2024/03/03 13:19:28 {0 [{https://i.pinimg.com/originals/5c/a0/80/5ca080dab8ad5c4f66bdb6271dc0c74b.jpg  100$ Gaming Mouse ObjectID("000000000000000000000000")}] Esimgali ObjectID("659b0dccd48aaf4139ab2c9c") esim@mail.ru ldmokfsdmvk astana}
2024/03/03 13:19:30 Received POST request with message: {esimkhamitov2005@gmail.com 930449}
2024/03/03 13:19:32 <nil>
2024/03/03 13:20:16 &{0xc000072500} Received POST request with message: %s
 {Esimgali 123456789}
2024/03/03 13:20:17 Pinged your deployment. You successfully connected to MongoDB!
2024/03/03 13:20:17 {0 [{https://i.pinimg.com/originals/5c/a0/80/5ca080dab8ad5c4f66bdb6271dc0c74b.jpg  100$ Gaming Mouse ObjectID("000000000000000000000000")}] Esimgali ObjectID("659b0dccd48aaf4139ab2c9c") esim@mail.ru ldmokfsdmvk astana}
2024/03/03 13:20:19 Received POST request with message: {esimkhamitov2005@gmail.com 75225}
2024/03/03 13:20:20 <nil>
2024/03/03 13:26:02 Server listening on port: 8080
2024/03/03 13:26:58 &{0xc000072500} Received POST request with message: %s
 {Esimgali 123456789}
2024/03/03 13:27:12 Pinged your deployment. You successfully connected to MongoDB!
2024/03/03 13:27:12 {0 [{https://i.pinimg.com/originals/5c/a0/80/5ca080dab8ad5c4f66bdb6271dc0c74b.jpg  100$ Gaming Mouse ObjectID("000000000000000000000000")}] Esimgali ObjectID("659b0dccd48aaf4139ab2c9c") esim@mail.ru ldmokfsdmvk astana}
2024/03/03 13:27:15 Received POST request with message: {esimkhamitov2005@gmail.com 120905}
2024/03/03 13:27:15 &{0xc000072500} Received POST request with message: %s
 {Esimgali 123456789}
2024/03/03 13:27:16 Pinged your deployment. You successfully connected to MongoDB!
2024/03/03 13:27:16 {0 [{https://i.pinimg.com/originals/5c/a0/80/5ca080dab8ad5c4f66bdb6271dc0c74b.jpg  100$ Gaming Mouse ObjectID("000000000000000000000000")}] Esimgali ObjectID("659b0dccd48aaf4139ab2c9c") esim@mail.ru ldmokfsdmvk astana}
2024/03/03 13:27:16 <nil>
2024/03/03 13:27:18 Received POST request with message: {esimkhamitov2005@gmail.com 426480}
2024/03/03 13:27:21 <nil>
2024/03/03 13:28:07 Server listening on port: 8080
2024/03/03 13:28:20 &{0xc0000a0500} Received POST request with message: %s
 {Esimgali 123456789}
2024/03/03 13:28:23 Pinged your deployment. You successfully connected to MongoDB!
2024/03/03 13:28:23 {0 [{https://i.pinimg.com/originals/5c/a0/80/5ca080dab8ad5c4f66bdb6271dc0c74b.jpg  100$ Gaming Mouse ObjectID("000000000000000000000000")}] Esimgali ObjectID("659b0dccd48aaf4139ab2c9c") esim@mail.ru ldmokfsdmvk astana}
2024/03/03 13:28:25 Received POST request with message: {esimkhamitov2005@gmail.com 526119}
2024/03/03 13:28:26 <nil>
2024/03/03 13:30:27 Server listening on port: 8080
2024/03/03 13:30:43 &{0xc000072500} Received POST request with message: %s
 {Esimgali 123456789}
2024/03/03 13:30:46 Pinged your deployment. You successfully connected to MongoDB!
2024/03/03 13:30:46 {0 [{https://i.pinimg.com/originals/5c/a0/80/5ca080dab8ad5c4f66bdb6271dc0c74b.jpg  100$ Gaming Mouse ObjectID("000000000000000000000000")}] Esimgali ObjectID("659b0dccd48aaf4139ab2c9c") esimkhamitov2005@gmail.com ldmokfsdmvk astana}
2024/03/03 13:30:46 Received POST request with message: {esimkhamitov2005@gmail.com 461812}
2024/03/03 13:30:50 <nil>
2024/03/03 13:42:42 Server listening on port: 8080
2024/03/03 13:43:10 &{0xc000072500} Received POST request with message: %s
 {Esimgali 123456789}
2024/03/03 13:43:13 Pinged your deployment. You successfully connected to MongoDB!
2024/03/03 13:43:14 {0 [{https://i.pinimg.com/originals/5c/a0/80/5ca080dab8ad5c4f66bdb6271dc0c74b.jpg  100$ Gaming Mouse ObjectID("000000000000000000000000")}] Esimgali ObjectID("659b0dccd48aaf4139ab2c9c") esimkhamitov2005@gmail.com ldmokfsdmvk astana false}
2024/03/03 13:43:14 Received POST request with message: {esimkhamitov2005@gmail.com 424931}
2024/03/03 13:43:15 <nil>
2024/03/03 13:44:58 Server listening on port: 8080
2024/03/03 13:45:17 &{0xc000072500} Received POST request with message: %s
 {Esimgali 123456789}
2024/03/03 13:45:19 Pinged your deployment. You successfully connected to MongoDB!
2024/03/03 13:45:19 {0 [{https://i.pinimg.com/originals/5c/a0/80/5ca080dab8ad5c4f66bdb6271dc0c74b.jpg  100$ Gaming Mouse ObjectID("000000000000000000000000")}] Esimgali ObjectID("659b0dccd48aaf4139ab2c9c") esimkhamitov2005@gmail.com ldmokfsdmvk astana false}
2024/03/03 13:45:20 Received POST request with message: {esimkhamitov2005@gmail.com 400217}
2024/03/03 13:45:21 <nil>
2024/03/03 13:51:36 Server listening on port: 8080
2024/03/03 13:51:54 &{0xc0000a0500} Received POST request with message: %s
 {Esimgali 123456789}
2024/03/03 13:51:57 Pinged your deployment. You successfully connected to MongoDB!
2024/03/03 13:51:57 {0 [{https://i.pinimg.com/originals/5c/a0/80/5ca080dab8ad5c4f66bdb6271dc0c74b.jpg  100$ Gaming Mouse ObjectID("000000000000000000000000")}] Esimgali ObjectID("659b0dccd48aaf4139ab2c9c") esimkhamitov2005@gmail.com ldmokfsdmvk astana true}
2024/03/03 13:51:59 Received POST request with message: {esimkhamitov2005@gmail.com 742817}
2024/03/03 13:52:00 <nil>
2024/03/03 13:54:26 Server listening on port: 8080
2024/03/03 13:55:58 Received POST request with message: {Danial 123456789 moikulm23@gmail.com +77052562054 проспект Улы Дала 58 %!s(bool=false)}
2024/03/03 13:56:01 Pinged your deployment. You successfully connected to MongoDB!
2024/03/03 13:56:01 {0 Danial <nil>}
2024/03/03 13:56:01 Login exist
2024/03/03 13:56:29 &{0xc000072500} Received POST request with message: %s
 {Danial 123456789}
2024/03/03 13:56:30 Pinged your deployment. You successfully connected to MongoDB!
2024/03/03 13:56:30 {0 []  ObjectID("000000000000000000000000")    false}
2024/03/03 13:58:33 Received POST request with message: {Baxa 123456789 moikulm23@gmail.com +77052562054 проспект Улы Дала 58 %!s(bool=false)}
2024/03/03 13:58:35 Pinged your deployment. You successfully connected to MongoDB!
2024/03/03 13:58:35 {0  <nil>}
2024/03/03 13:58:44 Pinged your deployment. You successfully connected to MongoDB!
2024/03/03 13:59:33 &{0xc000072500} Received POST request with message: %s
 {Baxa 123456789}
2024/03/03 13:59:35 Pinged your deployment. You successfully connected to MongoDB!
2024/03/03 13:59:35 {0 [] Baxa ObjectID("65e43bbb9fcb29f51dc2e025") moikulm23@gmail.com +77052562054 проспект Улы Дала 58 false}
2024/03/03 13:59:35 Received POST request with message: {moikulm23@gmail.com 695441}
2024/03/03 13:59:37 <nil>
2024/03/03 14:25:30 Server listening on port: 8080
2024/03/03 14:25:47 &{0xc0000a0500} Received POST request with message: %s
 {Esimgali 123456789}
2024/03/03 14:25:49 Pinged your deployment. You successfully connected to MongoDB!
2024/03/03 14:25:49 {0 [{https://i.pinimg.com/originals/5c/a0/80/5ca080dab8ad5c4f66bdb6271dc0c74b.jpg  100$ Gaming Mouse ObjectID("000000000000000000000000")}] Esimgali ObjectID("659b0dccd48aaf4139ab2c9c") esimkhamitov2005@gmail.com ldmokfsdmvk astana true}
2024/03/03 14:25:52 Received POST request with message: {esimkhamitov2005@gmail.com 112900}
2024/03/03 14:25:54 <nil>
2024/03/03 14:43:23 Server listening on port: 8080
2024/03/03 14:43:35 &{0xc000072500} Received POST request with message: %s
 {Esimgali 123456789}
2024/03/03 14:43:38 Pinged your deployment. You successfully connected to MongoDB!
2024/03/03 14:43:38 {0 [{https://i.pinimg.com/originals/5c/a0/80/5ca080dab8ad5c4f66bdb6271dc0c74b.jpg  100$ Gaming Mouse ObjectID("000000000000000000000000")}] Esimgali ObjectID("659b0dccd48aaf4139ab2c9c") esimkhamitov2005@gmail.com ldmokfsdmvk astana true}
2024/03/03 14:43:41 Received POST request with message: {esimkhamitov2005@gmail.com 921644}
2024/03/03 14:43:43 <nil>
2024/03/03 14:43:56 Pinged your deployment. You successfully connected to MongoDB!
2024/03/03 14:48:27 Received POST request with message: {fkvmldfkmv Test Mailing}
2024/03/03 14:48:27 Received POST request with message: {fkvmldfkmv Test Mailing}
2024/03/03 14:48:27 Received POST request with message: {esimkhamitov2005@gmail.com Test Mailing}
2024/03/03 14:48:27 Received POST request with message: {esimgalikhamitov2005@gmail.com Test Mailing}
2024/03/03 14:48:27 Received POST request with message: {qwe@mail.ru Test Mailing}
2024/03/03 14:48:27 Received POST request with message: {esimgalikhamitov2005@gmail.com Test Mailing}
2024/03/03 14:48:28 553 5.1.3 The recipient address <fkvmldfkmv> is not a valid RFC 5321 address.
5.1.3 For more information, go to
5.1.3  https://support.google.com/a/answer/3221692 and review RFC 5321
5.1.3 specifications. y17-20020a197511000000b005131cefefd8sm1273177lfe.240 - gsmtp
2024/03/03 14:48:28 553 5.1.3 The recipient address <fkvmldfkmv> is not a valid RFC 5321 address.
5.1.3 For more information, go to
5.1.3  https://support.google.com/a/answer/3221692 and review RFC 5321
5.1.3 specifications. d7-20020a193847000000b005133ebac29fsm434446lfj.197 - gsmtp
2024/03/03 14:48:28 Received POST request with message: {danailgamil@mail.com Test Mailing}
2024/03/03 14:48:28 Received POST request with message: {12@asd Test Mailing}
2024/03/03 14:48:29 <nil>
2024/03/03 14:48:29 Received POST request with message: {muratov030510@gmail.com Test Mailing}
2024/03/03 14:48:29 <nil>
2024/03/03 14:48:29 Received POST request with message: {1@1 Test Mailing}
2024/03/03 14:48:29 <nil>
2024/03/03 14:48:29 Received POST request with message: {moikulm23@gmail.com Test Mailing}
2024/03/03 14:48:29 <nil>
2024/03/03 14:48:29 Received POST request with message: {Aktumar.r@gmail.com Test Mailing}
2024/03/03 14:48:31 <nil>
2024/03/03 14:48:32 <nil>
2024/03/03 14:48:32 <nil>
2024/03/03 14:48:32 <nil>
2024/03/03 14:48:34 <nil>
2024/03/03 14:48:34 <nil>
2024/03/08 09:11:18 Server listening on port: 8080
2024/03/08 09:11:31 Shutting down server...
2024/03/08 09:11:31 Server stopped
2024/03/08 09:59:25 Server listening on port: 8080
2024/03/08 09:59:40 &{0xc00007a500} Received POST request with message: %s
 {alisher 1234}
2024/03/08 09:59:43 Pinged your deployment. You successfully connected to MongoDB!
2024/03/08 09:59:44 {0 [] alisher ObjectID("65ea072eb457cf80cc65d16d") alisherkhairullin463@gmail.com +7 (776) 716-08-30  Astana true}
2024/03/08 09:59:44 Received POST request with message: {alisherkhairullin463@gmail.com 846257}
2024/03/08 09:59:46 <nil>
2024/03/08 09:59:58 Pinged your deployment. You successfully connected to MongoDB!
2024/03/08 10:00:13 Pinged your deployment. You successfully connected to MongoDB!
2024/03/08 10:01:21 Pinged your deployment. You successfully connected to MongoDB!
2024/03/08 10:01:56 Pinged your deployment. You successfully connected to MongoDB!
2024/03/08 10:02:01 Pinged your deployment. You successfully connected to MongoDB!
2024/03/08 10:07:27 Pinged your deployment. You successfully connected to MongoDB!
2024/03/08 10:07:42 Pinged your deployment. You successfully connected to MongoDB!
2024/03/08 10:07:45 Pinged your deployment. You successfully connected to MongoDB!
2024/03/08 10:13:22 Pinged your deployment. You successfully connected to MongoDB!
2024/03/08 10:17:58 Server listening on port: 8080
2024/03/08 10:18:33 Received POST request with message: {test 4321 alisherkhairullin463@gmail.com +7 776 716 0830 Nur-Sultan %!s(bool=false)}
2024/03/08 10:18:35 Received POST request with message: {test 4321 alisherkhairullin463@gmail.com +7 776 716 0830 Nur-Sultan %!s(bool=false)}
2024/03/08 10:18:36 Pinged your deployment. You successfully connected to MongoDB!
2024/03/08 10:18:36 {0  <nil>}
2024/03/08 10:18:46 &{0xc00007a500} Received POST request with message: %s
 {test 4321}
2024/03/08 10:18:48 Pinged your deployment. You successfully connected to MongoDB!
2024/03/08 10:18:48 {0 [] test ObjectID("65ea919cce45daadfed7c581") alisherkhairullin463@gmail.com +7 776 716 0830 Nur-Sultan false}
2024/03/08 10:18:49 Received POST request with message: {alisherkhairullin463@gmail.com 337081}
2024/03/08 10:18:50 <nil>
2024/03/08 10:19:03 Pinged your deployment. You successfully connected to MongoDB!
2024/03/08 10:19:19 Pinged your deployment. You successfully connected to MongoDB!
2024/03/08 10:39:28 Pinged your deployment. You successfully connected to MongoDB!
